INFO:sim:172 - Generating IP...
Resolving generics for 'music_bass'...
Applying external generics to 'music_bass'...
Delivering associated files for 'music_bass'...
WARNING:sim - Component blk_mem_gen_v7_2 does not have a valid model name for
   Verilog synthesis
Delivering EJava files for 'music_bass'...
Generating implementation netlist for 'music_bass'...
INFO:sim - Pre-processing HDL files for 'music_bass'...
Running synthesis for 'music_bass'
Running ngcbuild...
Writing VEO instantiation template for 'music_bass'...
Writing Verilog instantiation wrapper for 'music_bass'...
Writing Verilog behavioral simulation model for 'music_bass'...
WARNING:sim - No files were found for the view xilinx_documentation
Generating ASY schematic symbol...
INFO:sim:949 - Finished generation of ASY schematic symbol.
Generating SYM schematic symbol for 'music_bass'...
Generating metadata file...
Regenerating ISE project file for 'music_bass'...
Generating ISE project...
XCO file found: music_bass.xco
XMDF file found: music_bass_xmdf.tcl
Adding
D:/Proyectos/FPGA/sdc-2012-fpga-roadfighter/speaker/ipcore_dir/tmp/_cg/music_bas
s.asy -view all -origin_type imported
Adding
D:/Proyectos/FPGA/sdc-2012-fpga-roadfighter/speaker/ipcore_dir/tmp/_cg/music_bas
s.ngc -view all -origin_type created
Checking file
"D:/Proyectos/FPGA/sdc-2012-fpga-roadfighter/speaker/ipcore_dir/tmp/_cg/music_ba
ss.ngc" for project device match ...
File
"D:/Proyectos/FPGA/sdc-2012-fpga-roadfighter/speaker/ipcore_dir/tmp/_cg/music_ba
ss.ngc" device information matches project device.
Adding
D:/Proyectos/FPGA/sdc-2012-fpga-roadfighter/speaker/ipcore_dir/tmp/_cg/music_bas
s.sym -view all -origin_type imported
Adding
D:/Proyectos/FPGA/sdc-2012-fpga-roadfighter/speaker/ipcore_dir/tmp/_cg/music_bas
s.v -view all -origin_type created
INFO:HDLCompiler:1845 - Analyzing Verilog file
   "D:/Proyectos/FPGA/sdc-2012-fpga-roadfighter/speaker/ipcore_dir/tmp/_cg/music
   _bass.v" into library work
INFO:ProjectMgmt - Parsing design hierarchy completed successfully.
Adding
D:/Proyectos/FPGA/sdc-2012-fpga-roadfighter/speaker/ipcore_dir/tmp/_cg/music_bas
s.veo -view all -origin_type imported
Adding
D:/Proyectos/FPGA/sdc-2012-fpga-roadfighter/speaker/ipcore_dir/tmp/_cg/music_bas
s_synth.v -view all -origin_type created
INFO:HDLCompiler:1845 - Analyzing Verilog file
   "D:/Proyectos/FPGA/sdc-2012-fpga-roadfighter/speaker/ipcore_dir/tmp/_cg/music
   _bass_synth.v" into library work
INFO:ProjectMgmt - Parsing design hierarchy completed successfully.
INFO:TclTasksC:2116 - The automatic calculation of top has been turned-off.
   Please set the new top explicitly by running the "project set top" command.
   To re-calculate the new top automatically, set the "Auto Implementation Top"
   property to true.
Top level has been set to "/music_bass"
Generating README file...
Generating FLIST file...
INFO:sim:948 - Finished FLIST file generation.
Launching README viewer...
Moving files to output directory...
Finished moving files to output directory
Wrote CGP file for project 'music_bass'.
