iMPACT Version: 10.1

iMPACT log file Started on Thu Aug 02 23:49:44 2012

WARNING:ProjectMgmt:137 - Could not remove the file   <e:/RoadRunner/RR/_impact.cmd> - cleanup failed.
WARNING:ProjectMgmt:137 - Could not remove the file   <e:/RoadRunner/RR/_impact.log> - cleanup failed.
WARNING:ProjectMgmt:137 - Could not remove the file   <E:/RoadRunner/RR/_impact.cmd> - cleanup failed.
WARNING:ProjectMgmt:137 - Could not remove the file   <E:/RoadRunner/RR/_impact.log> - cleanup failed.
WARNING:ProjectMgmt:133 - Could not remove <E:/RoadRunner/RR/game_map.mrp> -   cleanup failed.
WARNING:ProjectMgmt:133 - Could not remove <E:/RoadRunner/RR/game_map.xrpt> -   cleanup failed.
WARNING:ProjectMgmt:133 - Could not remove <E:/RoadRunner/RR/game_map.ncd> -   cleanup failed.
WARNING:ProjectMgmt:133 - Could not remove <E:/RoadRunner/RR/game.pcf> - cleanup   failed.
WARNING:ProjectMgmt:133 - Could not remove <E:/RoadRunner/RR/game_map.ngm> -   cleanup failed.
WARNING:ProjectMgmt:133 - Could not remove <E:/RoadRunner/RR/game_usage.xml> -   cleanup failed.
WARNING:ProjectMgmt:133 - Could not remove <E:/RoadRunner/RR/_xmsgs/map.xmsgs> -   cleanup failed.
WARNING:ProjectMgmt:133 - Could not remove <E:/RoadRunner/RR/game.ncd> - cleanup   failed.
WARNING:ProjectMgmt:133 - Could not remove <E:/RoadRunner/RR/game.pad> - cleanup   failed.
WARNING:ProjectMgmt:133 - Could not remove <E:/RoadRunner/RR/game.par> - cleanup   failed.
WARNING:ProjectMgmt:133 - Could not remove <E:/RoadRunner/RR/game.unroutes> -   cleanup failed.
WARNING:ProjectMgmt:133 - Could not remove <E:/RoadRunner/RR/game.xpi> - cleanup   failed.
WARNING:ProjectMgmt:133 - Could not remove <E:/RoadRunner/RR/game_par.xrpt> -   cleanup failed.
WARNING:ProjectMgmt:133 - Could not remove <E:/RoadRunner/RR/game_pad.txt> -   cleanup failed.
WARNING:ProjectMgmt:133 - Could not remove <E:/RoadRunner/RR/game_pad.csv> -   cleanup failed.
WARNING:ProjectMgmt:133 - Could not remove <E:/RoadRunner/RR/_xmsgs/par.xmsgs> -   cleanup failed.
WARNING:ProjectMgmt:133 - Could not remove <E:/RoadRunner/RR/game.twr> - cleanup   failed.
WARNING:ProjectMgmt:133 - Could not remove <E:/RoadRunner/RR/game.twx> - cleanup   failed.
WARNING:ProjectMgmt:133 - Could not remove <E:/RoadRunner/RR/_xmsgs/trce.xmsgs>   - cleanup failed.
WARNING:ProjectMgmt:133 - Could not remove <E:/RoadRunner/RR/game.drc> - cleanup   failed.
WARNING:ProjectMgmt:133 - Could not remove <E:/RoadRunner/RR/game.bit> - cleanup   failed.
WARNING:ProjectMgmt:133 - Could not remove <E:/RoadRunner/RR/game.bgn> - cleanup   failed.
WARNING:ProjectMgmt:133 - Could not remove   <E:/RoadRunner/RR/_xmsgs/bitgen.xmsgs> - cleanup failed.
