Release 14.2 Map P.28xd (nt64)
Xilinx Mapping Report File for Design 'game'

Design Information
------------------
Command Line   : map -intstyle ise -p xc3s500e-fg320-4 -cm area -ir off -pr off
-c 100 -o game_map.ncd game.ngd game.pcf 
Target Device  : xc3s500e
Target Package : fg320
Target Speed   : -4
Mapper Version : spartan3e -- $Revision: 1.55 $
Mapped Date    : Fri Aug 02 18:56:29 2013

Design Summary
--------------
Number of errors:      0
Number of warnings:   87
Logic Utilization:
  Number of Slice Flip Flops:           525 out of   9,312    5%
  Number of 4 input LUTs:             2,736 out of   9,312   29%
Logic Distribution:
  Number of occupied Slices:          1,652 out of   4,656   35%
    Number of Slices containing only related logic:   1,652 out of   1,652 100%
    Number of Slices containing unrelated logic:          0 out of   1,652   0%
      *See NOTES below for an explanation of the effects of unrelated logic.
  Total Number of 4 input LUTs:       3,218 out of   9,312   34%
    Number used as logic:             2,736
    Number used as a route-thru:        482

  The Slice Logic Distribution report is not meaningful if the design is
  over-mapped for a non-slice resource or if Placement fails.

  Number of bonded IOBs:                 19 out of     232    8%
  Number of RAMB16s:                     14 out of      20   70%
  Number of BUFGMUXs:                     1 out of      24    4%
  Number of MULT18X18SIOs:                2 out of      20   10%

Average Fanout of Non-Clock Nets:                3.27

Peak Memory Usage:  268 MB
Total REAL time to MAP completion:  8 secs 
Total CPU time to MAP completion:   7 secs 

NOTES:

   Related logic is defined as being logic that shares connectivity - e.g. two
   LUTs are "related" if they share common inputs.  When assembling slices,
   Map gives priority to combine logic that is related.  Doing so results in
   the best timing performance.

   Unrelated logic shares no connectivity.  Map will only begin packing
   unrelated logic into a slice once 99% of the slices are occupied through
   related logic packing.

   Note that once logic distribution reaches the 99% level through related
   logic packing, this does not mean the device is completely utilized.
   Unrelated logic packing will then begin, continuing until all usable LUTs
   and FFs are occupied.  Depending on your timing budget, increased levels of
   unrelated logic packing may adversely affect the overall timing performance
   of your design.

Table of Contents
-----------------
Section 1 - Errors
Section 2 - Warnings
Section 3 - Informational
Section 4 - Removed Logic Summary
Section 5 - Removed Logic
Section 6 - IOB Properties
Section 7 - RPMs
Section 8 - Guide Report
Section 9 - Area Group and Partition Summary
Section 10 - Timing Report
Section 11 - Configuration String Information
Section 12 - Control Set Information
Section 13 - Utilization by Hierarchy

Section 1 - Errors
------------------

Section 2 - Warnings
--------------------
WARNING:PhysDesignRules:812 - Dangling pin <DOB15> on
   block:<road_fighter/scoreboard_message/score_memory/U0/xst_blk_mem_generator/
   gnativebmg.native_blk_mem_gen/valid.cstr/ramloop[1].ram.r/s3_init.ram/spram.r
   am.B>:<RAMB16_RAMB16B>.
WARNING:PhysDesignRules:812 - Dangling pin <DOB31> on
   block:<road_fighter/scoreboard_message/score_memory/U0/xst_blk_mem_generator/
   gnativebmg.native_blk_mem_gen/valid.cstr/ramloop[1].ram.r/s3_init.ram/spram.r
   am.B>:<RAMB16_RAMB16B>.
WARNING:PhysDesignRules:812 - Dangling pin <DOB6> on
   block:<road_fighter/obs_5_gcont/autito/U0/xst_blk_mem_generator/gnativebmg.na
   tive_blk_mem_gen/valid.cstr/ramloop[0].ram.r/s3_init.ram/spram.ram.B>:<RAMB16
   _RAMB16B>.
WARNING:PhysDesignRules:812 - Dangling pin <DOB7> on
   block:<road_fighter/obs_5_gcont/autito/U0/xst_blk_mem_generator/gnativebmg.na
   tive_blk_mem_gen/valid.cstr/ramloop[0].ram.r/s3_init.ram/spram.ram.B>:<RAMB16
   _RAMB16B>.
WARNING:PhysDesignRules:812 - Dangling pin <DOB14> on
   block:<road_fighter/obs_5_gcont/autito/U0/xst_blk_mem_generator/gnativebmg.na
   tive_blk_mem_gen/valid.cstr/ramloop[0].ram.r/s3_init.ram/spram.ram.B>:<RAMB16
   _RAMB16B>.
WARNING:PhysDesignRules:812 - Dangling pin <DOB15> on
   block:<road_fighter/obs_5_gcont/autito/U0/xst_blk_mem_generator/gnativebmg.na
   tive_blk_mem_gen/valid.cstr/ramloop[0].ram.r/s3_init.ram/spram.ram.B>:<RAMB16
   _RAMB16B>.
WARNING:PhysDesignRules:812 - Dangling pin <DOB22> on
   block:<road_fighter/obs_5_gcont/autito/U0/xst_blk_mem_generator/gnativebmg.na
   tive_blk_mem_gen/valid.cstr/ramloop[0].ram.r/s3_init.ram/spram.ram.B>:<RAMB16
   _RAMB16B>.
WARNING:PhysDesignRules:812 - Dangling pin <DOB23> on
   block:<road_fighter/obs_5_gcont/autito/U0/xst_blk_mem_generator/gnativebmg.na
   tive_blk_mem_gen/valid.cstr/ramloop[0].ram.r/s3_init.ram/spram.ram.B>:<RAMB16
   _RAMB16B>.
WARNING:PhysDesignRules:812 - Dangling pin <DOB30> on
   block:<road_fighter/obs_5_gcont/autito/U0/xst_blk_mem_generator/gnativebmg.na
   tive_blk_mem_gen/valid.cstr/ramloop[0].ram.r/s3_init.ram/spram.ram.B>:<RAMB16
   _RAMB16B>.
WARNING:PhysDesignRules:812 - Dangling pin <DOB31> on
   block:<road_fighter/obs_5_gcont/autito/U0/xst_blk_mem_generator/gnativebmg.na
   tive_blk_mem_gen/valid.cstr/ramloop[0].ram.r/s3_init.ram/spram.ram.B>:<RAMB16
   _RAMB16B>.
WARNING:PhysDesignRules:812 - Dangling pin <DOB6> on
   block:<road_fighter/obs_4_gcont/autito/U0/xst_blk_mem_generator/gnativebmg.na
   tive_blk_mem_gen/valid.cstr/ramloop[0].ram.r/s3_init.ram/spram.ram.B>:<RAMB16
   _RAMB16B>.
WARNING:PhysDesignRules:812 - Dangling pin <DOB7> on
   block:<road_fighter/obs_4_gcont/autito/U0/xst_blk_mem_generator/gnativebmg.na
   tive_blk_mem_gen/valid.cstr/ramloop[0].ram.r/s3_init.ram/spram.ram.B>:<RAMB16
   _RAMB16B>.
WARNING:PhysDesignRules:812 - Dangling pin <DOB14> on
   block:<road_fighter/obs_4_gcont/autito/U0/xst_blk_mem_generator/gnativebmg.na
   tive_blk_mem_gen/valid.cstr/ramloop[0].ram.r/s3_init.ram/spram.ram.B>:<RAMB16
   _RAMB16B>.
WARNING:PhysDesignRules:812 - Dangling pin <DOB15> on
   block:<road_fighter/obs_4_gcont/autito/U0/xst_blk_mem_generator/gnativebmg.na
   tive_blk_mem_gen/valid.cstr/ramloop[0].ram.r/s3_init.ram/spram.ram.B>:<RAMB16
   _RAMB16B>.
WARNING:PhysDesignRules:812 - Dangling pin <DOB22> on
   block:<road_fighter/obs_4_gcont/autito/U0/xst_blk_mem_generator/gnativebmg.na
   tive_blk_mem_gen/valid.cstr/ramloop[0].ram.r/s3_init.ram/spram.ram.B>:<RAMB16
   _RAMB16B>.
WARNING:PhysDesignRules:812 - Dangling pin <DOB23> on
   block:<road_fighter/obs_4_gcont/autito/U0/xst_blk_mem_generator/gnativebmg.na
   tive_blk_mem_gen/valid.cstr/ramloop[0].ram.r/s3_init.ram/spram.ram.B>:<RAMB16
   _RAMB16B>.
WARNING:PhysDesignRules:812 - Dangling pin <DOB30> on
   block:<road_fighter/obs_4_gcont/autito/U0/xst_blk_mem_generator/gnativebmg.na
   tive_blk_mem_gen/valid.cstr/ramloop[0].ram.r/s3_init.ram/spram.ram.B>:<RAMB16
   _RAMB16B>.
WARNING:PhysDesignRules:812 - Dangling pin <DOB31> on
   block:<road_fighter/obs_4_gcont/autito/U0/xst_blk_mem_generator/gnativebmg.na
   tive_blk_mem_gen/valid.cstr/ramloop[0].ram.r/s3_init.ram/spram.ram.B>:<RAMB16
   _RAMB16B>.
WARNING:PhysDesignRules:812 - Dangling pin <DOB6> on
   block:<road_fighter/obs_3_gcont/autito/U0/xst_blk_mem_generator/gnativebmg.na
   tive_blk_mem_gen/valid.cstr/ramloop[0].ram.r/s3_init.ram/spram.ram.B>:<RAMB16
   _RAMB16B>.
WARNING:PhysDesignRules:812 - Dangling pin <DOB7> on
   block:<road_fighter/obs_3_gcont/autito/U0/xst_blk_mem_generator/gnativebmg.na
   tive_blk_mem_gen/valid.cstr/ramloop[0].ram.r/s3_init.ram/spram.ram.B>:<RAMB16
   _RAMB16B>.
WARNING:PhysDesignRules:812 - Dangling pin <DOB14> on
   block:<road_fighter/obs_3_gcont/autito/U0/xst_blk_mem_generator/gnativebmg.na
   tive_blk_mem_gen/valid.cstr/ramloop[0].ram.r/s3_init.ram/spram.ram.B>:<RAMB16
   _RAMB16B>.
WARNING:PhysDesignRules:812 - Dangling pin <DOB15> on
   block:<road_fighter/obs_3_gcont/autito/U0/xst_blk_mem_generator/gnativebmg.na
   tive_blk_mem_gen/valid.cstr/ramloop[0].ram.r/s3_init.ram/spram.ram.B>:<RAMB16
   _RAMB16B>.
WARNING:PhysDesignRules:812 - Dangling pin <DOB22> on
   block:<road_fighter/obs_3_gcont/autito/U0/xst_blk_mem_generator/gnativebmg.na
   tive_blk_mem_gen/valid.cstr/ramloop[0].ram.r/s3_init.ram/spram.ram.B>:<RAMB16
   _RAMB16B>.
WARNING:PhysDesignRules:812 - Dangling pin <DOB23> on
   block:<road_fighter/obs_3_gcont/autito/U0/xst_blk_mem_generator/gnativebmg.na
   tive_blk_mem_gen/valid.cstr/ramloop[0].ram.r/s3_init.ram/spram.ram.B>:<RAMB16
   _RAMB16B>.
WARNING:PhysDesignRules:812 - Dangling pin <DOB30> on
   block:<road_fighter/obs_3_gcont/autito/U0/xst_blk_mem_generator/gnativebmg.na
   tive_blk_mem_gen/valid.cstr/ramloop[0].ram.r/s3_init.ram/spram.ram.B>:<RAMB16
   _RAMB16B>.
WARNING:PhysDesignRules:812 - Dangling pin <DOB31> on
   block:<road_fighter/obs_3_gcont/autito/U0/xst_blk_mem_generator/gnativebmg.na
   tive_blk_mem_gen/valid.cstr/ramloop[0].ram.r/s3_init.ram/spram.ram.B>:<RAMB16
   _RAMB16B>.
WARNING:PhysDesignRules:812 - Dangling pin <DOB6> on
   block:<road_fighter/obs_2_gcont/autito/U0/xst_blk_mem_generator/gnativebmg.na
   tive_blk_mem_gen/valid.cstr/ramloop[0].ram.r/s3_init.ram/spram.ram.B>:<RAMB16
   _RAMB16B>.
WARNING:PhysDesignRules:812 - Dangling pin <DOB7> on
   block:<road_fighter/obs_2_gcont/autito/U0/xst_blk_mem_generator/gnativebmg.na
   tive_blk_mem_gen/valid.cstr/ramloop[0].ram.r/s3_init.ram/spram.ram.B>:<RAMB16
   _RAMB16B>.
WARNING:PhysDesignRules:812 - Dangling pin <DOB14> on
   block:<road_fighter/obs_2_gcont/autito/U0/xst_blk_mem_generator/gnativebmg.na
   tive_blk_mem_gen/valid.cstr/ramloop[0].ram.r/s3_init.ram/spram.ram.B>:<RAMB16
   _RAMB16B>.
WARNING:PhysDesignRules:812 - Dangling pin <DOB15> on
   block:<road_fighter/obs_2_gcont/autito/U0/xst_blk_mem_generator/gnativebmg.na
   tive_blk_mem_gen/valid.cstr/ramloop[0].ram.r/s3_init.ram/spram.ram.B>:<RAMB16
   _RAMB16B>.
WARNING:PhysDesignRules:812 - Dangling pin <DOB22> on
   block:<road_fighter/obs_2_gcont/autito/U0/xst_blk_mem_generator/gnativebmg.na
   tive_blk_mem_gen/valid.cstr/ramloop[0].ram.r/s3_init.ram/spram.ram.B>:<RAMB16
   _RAMB16B>.
WARNING:PhysDesignRules:812 - Dangling pin <DOB23> on
   block:<road_fighter/obs_2_gcont/autito/U0/xst_blk_mem_generator/gnativebmg.na
   tive_blk_mem_gen/valid.cstr/ramloop[0].ram.r/s3_init.ram/spram.ram.B>:<RAMB16
   _RAMB16B>.
WARNING:PhysDesignRules:812 - Dangling pin <DOB30> on
   block:<road_fighter/obs_2_gcont/autito/U0/xst_blk_mem_generator/gnativebmg.na
   tive_blk_mem_gen/valid.cstr/ramloop[0].ram.r/s3_init.ram/spram.ram.B>:<RAMB16
   _RAMB16B>.
WARNING:PhysDesignRules:812 - Dangling pin <DOB31> on
   block:<road_fighter/obs_2_gcont/autito/U0/xst_blk_mem_generator/gnativebmg.na
   tive_blk_mem_gen/valid.cstr/ramloop[0].ram.r/s3_init.ram/spram.ram.B>:<RAMB16
   _RAMB16B>.
WARNING:PhysDesignRules:812 - Dangling pin <DOB6> on
   block:<road_fighter/obs_1_gcont/autito/U0/xst_blk_mem_generator/gnativebmg.na
   tive_blk_mem_gen/valid.cstr/ramloop[0].ram.r/s3_init.ram/spram.ram.B>:<RAMB16
   _RAMB16B>.
WARNING:PhysDesignRules:812 - Dangling pin <DOB7> on
   block:<road_fighter/obs_1_gcont/autito/U0/xst_blk_mem_generator/gnativebmg.na
   tive_blk_mem_gen/valid.cstr/ramloop[0].ram.r/s3_init.ram/spram.ram.B>:<RAMB16
   _RAMB16B>.
WARNING:PhysDesignRules:812 - Dangling pin <DOB14> on
   block:<road_fighter/obs_1_gcont/autito/U0/xst_blk_mem_generator/gnativebmg.na
   tive_blk_mem_gen/valid.cstr/ramloop[0].ram.r/s3_init.ram/spram.ram.B>:<RAMB16
   _RAMB16B>.
WARNING:PhysDesignRules:812 - Dangling pin <DOB15> on
   block:<road_fighter/obs_1_gcont/autito/U0/xst_blk_mem_generator/gnativebmg.na
   tive_blk_mem_gen/valid.cstr/ramloop[0].ram.r/s3_init.ram/spram.ram.B>:<RAMB16
   _RAMB16B>.
WARNING:PhysDesignRules:812 - Dangling pin <DOB22> on
   block:<road_fighter/obs_1_gcont/autito/U0/xst_blk_mem_generator/gnativebmg.na
   tive_blk_mem_gen/valid.cstr/ramloop[0].ram.r/s3_init.ram/spram.ram.B>:<RAMB16
   _RAMB16B>.
WARNING:PhysDesignRules:812 - Dangling pin <DOB23> on
   block:<road_fighter/obs_1_gcont/autito/U0/xst_blk_mem_generator/gnativebmg.na
   tive_blk_mem_gen/valid.cstr/ramloop[0].ram.r/s3_init.ram/spram.ram.B>:<RAMB16
   _RAMB16B>.
WARNING:PhysDesignRules:812 - Dangling pin <DOB30> on
   block:<road_fighter/obs_1_gcont/autito/U0/xst_blk_mem_generator/gnativebmg.na
   tive_blk_mem_gen/valid.cstr/ramloop[0].ram.r/s3_init.ram/spram.ram.B>:<RAMB16
   _RAMB16B>.
WARNING:PhysDesignRules:812 - Dangling pin <DOB31> on
   block:<road_fighter/obs_1_gcont/autito/U0/xst_blk_mem_generator/gnativebmg.na
   tive_blk_mem_gen/valid.cstr/ramloop[0].ram.r/s3_init.ram/spram.ram.B>:<RAMB16
   _RAMB16B>.
WARNING:PhysDesignRules:812 - Dangling pin <DOB6> on
   block:<road_fighter/obs_0_gcont/autito/U0/xst_blk_mem_generator/gnativebmg.na
   tive_blk_mem_gen/valid.cstr/ramloop[0].ram.r/s3_init.ram/spram.ram.B>:<RAMB16
   _RAMB16B>.
WARNING:PhysDesignRules:812 - Dangling pin <DOB7> on
   block:<road_fighter/obs_0_gcont/autito/U0/xst_blk_mem_generator/gnativebmg.na
   tive_blk_mem_gen/valid.cstr/ramloop[0].ram.r/s3_init.ram/spram.ram.B>:<RAMB16
   _RAMB16B>.
WARNING:PhysDesignRules:812 - Dangling pin <DOB14> on
   block:<road_fighter/obs_0_gcont/autito/U0/xst_blk_mem_generator/gnativebmg.na
   tive_blk_mem_gen/valid.cstr/ramloop[0].ram.r/s3_init.ram/spram.ram.B>:<RAMB16
   _RAMB16B>.
WARNING:PhysDesignRules:812 - Dangling pin <DOB15> on
   block:<road_fighter/obs_0_gcont/autito/U0/xst_blk_mem_generator/gnativebmg.na
   tive_blk_mem_gen/valid.cstr/ramloop[0].ram.r/s3_init.ram/spram.ram.B>:<RAMB16
   _RAMB16B>.
WARNING:PhysDesignRules:812 - Dangling pin <DOB22> on
   block:<road_fighter/obs_0_gcont/autito/U0/xst_blk_mem_generator/gnativebmg.na
   tive_blk_mem_gen/valid.cstr/ramloop[0].ram.r/s3_init.ram/spram.ram.B>:<RAMB16
   _RAMB16B>.
WARNING:PhysDesignRules:812 - Dangling pin <DOB23> on
   block:<road_fighter/obs_0_gcont/autito/U0/xst_blk_mem_generator/gnativebmg.na
   tive_blk_mem_gen/valid.cstr/ramloop[0].ram.r/s3_init.ram/spram.ram.B>:<RAMB16
   _RAMB16B>.
WARNING:PhysDesignRules:812 - Dangling pin <DOB30> on
   block:<road_fighter/obs_0_gcont/autito/U0/xst_blk_mem_generator/gnativebmg.na
   tive_blk_mem_gen/valid.cstr/ramloop[0].ram.r/s3_init.ram/spram.ram.B>:<RAMB16
   _RAMB16B>.
WARNING:PhysDesignRules:812 - Dangling pin <DOB31> on
   block:<road_fighter/obs_0_gcont/autito/U0/xst_blk_mem_generator/gnativebmg.na
   tive_blk_mem_gen/valid.cstr/ramloop[0].ram.r/s3_init.ram/spram.ram.B>:<RAMB16
   _RAMB16B>.
WARNING:PhysDesignRules:812 - Dangling pin <DOB6> on
   block:<road_fighter/p1_gcontroller/autito/U0/xst_blk_mem_generator/gnativebmg
   .native_blk_mem_gen/valid.cstr/ramloop[0].ram.r/s3_init.ram/spram.ram.B>:<RAM
   B16_RAMB16B>.
WARNING:PhysDesignRules:812 - Dangling pin <DOB7> on
   block:<road_fighter/p1_gcontroller/autito/U0/xst_blk_mem_generator/gnativebmg
   .native_blk_mem_gen/valid.cstr/ramloop[0].ram.r/s3_init.ram/spram.ram.B>:<RAM
   B16_RAMB16B>.
WARNING:PhysDesignRules:812 - Dangling pin <DOB14> on
   block:<road_fighter/p1_gcontroller/autito/U0/xst_blk_mem_generator/gnativebmg
   .native_blk_mem_gen/valid.cstr/ramloop[0].ram.r/s3_init.ram/spram.ram.B>:<RAM
   B16_RAMB16B>.
WARNING:PhysDesignRules:812 - Dangling pin <DOB15> on
   block:<road_fighter/p1_gcontroller/autito/U0/xst_blk_mem_generator/gnativebmg
   .native_blk_mem_gen/valid.cstr/ramloop[0].ram.r/s3_init.ram/spram.ram.B>:<RAM
   B16_RAMB16B>.
WARNING:PhysDesignRules:812 - Dangling pin <DOB22> on
   block:<road_fighter/p1_gcontroller/autito/U0/xst_blk_mem_generator/gnativebmg
   .native_blk_mem_gen/valid.cstr/ramloop[0].ram.r/s3_init.ram/spram.ram.B>:<RAM
   B16_RAMB16B>.
WARNING:PhysDesignRules:812 - Dangling pin <DOB23> on
   block:<road_fighter/p1_gcontroller/autito/U0/xst_blk_mem_generator/gnativebmg
   .native_blk_mem_gen/valid.cstr/ramloop[0].ram.r/s3_init.ram/spram.ram.B>:<RAM
   B16_RAMB16B>.
WARNING:PhysDesignRules:812 - Dangling pin <DOB30> on
   block:<road_fighter/p1_gcontroller/autito/U0/xst_blk_mem_generator/gnativebmg
   .native_blk_mem_gen/valid.cstr/ramloop[0].ram.r/s3_init.ram/spram.ram.B>:<RAM
   B16_RAMB16B>.
WARNING:PhysDesignRules:812 - Dangling pin <DOB31> on
   block:<road_fighter/p1_gcontroller/autito/U0/xst_blk_mem_generator/gnativebmg
   .native_blk_mem_gen/valid.cstr/ramloop[0].ram.r/s3_init.ram/spram.ram.B>:<RAM
   B16_RAMB16B>.
WARNING:PhysDesignRules:812 - Dangling pin <DOB1> on
   block:<road_fighter/bg/river/your_instance_name/U0/xst_blk_mem_generator/gnat
   ivebmg.native_blk_mem_gen/valid.cstr/ramloop[0].ram.r/s3_init.ram/spram.ram.B
   >:<RAMB16_RAMB16B>.
WARNING:PhysDesignRules:812 - Dangling pin <DOB2> on
   block:<road_fighter/bg/river/your_instance_name/U0/xst_blk_mem_generator/gnat
   ivebmg.native_blk_mem_gen/valid.cstr/ramloop[0].ram.r/s3_init.ram/spram.ram.B
   >:<RAMB16_RAMB16B>.
WARNING:PhysDesignRules:812 - Dangling pin <DOB3> on
   block:<road_fighter/bg/river/your_instance_name/U0/xst_blk_mem_generator/gnat
   ivebmg.native_blk_mem_gen/valid.cstr/ramloop[0].ram.r/s3_init.ram/spram.ram.B
   >:<RAMB16_RAMB16B>.
WARNING:PhysDesignRules:812 - Dangling pin <DOB4> on
   block:<road_fighter/bg/river/your_instance_name/U0/xst_blk_mem_generator/gnat
   ivebmg.native_blk_mem_gen/valid.cstr/ramloop[0].ram.r/s3_init.ram/spram.ram.B
   >:<RAMB16_RAMB16B>.
WARNING:PhysDesignRules:812 - Dangling pin <DOB5> on
   block:<road_fighter/bg/river/your_instance_name/U0/xst_blk_mem_generator/gnat
   ivebmg.native_blk_mem_gen/valid.cstr/ramloop[0].ram.r/s3_init.ram/spram.ram.B
   >:<RAMB16_RAMB16B>.
WARNING:PhysDesignRules:812 - Dangling pin <DOB6> on
   block:<road_fighter/bg/river/your_instance_name/U0/xst_blk_mem_generator/gnat
   ivebmg.native_blk_mem_gen/valid.cstr/ramloop[0].ram.r/s3_init.ram/spram.ram.B
   >:<RAMB16_RAMB16B>.
WARNING:PhysDesignRules:812 - Dangling pin <DOB7> on
   block:<road_fighter/bg/river/your_instance_name/U0/xst_blk_mem_generator/gnat
   ivebmg.native_blk_mem_gen/valid.cstr/ramloop[0].ram.r/s3_init.ram/spram.ram.B
   >:<RAMB16_RAMB16B>.
WARNING:PhysDesignRules:812 - Dangling pin <DOB9> on
   block:<road_fighter/bg/river/your_instance_name/U0/xst_blk_mem_generator/gnat
   ivebmg.native_blk_mem_gen/valid.cstr/ramloop[0].ram.r/s3_init.ram/spram.ram.B
   >:<RAMB16_RAMB16B>.
WARNING:PhysDesignRules:812 - Dangling pin <DOB10> on
   block:<road_fighter/bg/river/your_instance_name/U0/xst_blk_mem_generator/gnat
   ivebmg.native_blk_mem_gen/valid.cstr/ramloop[0].ram.r/s3_init.ram/spram.ram.B
   >:<RAMB16_RAMB16B>.
WARNING:PhysDesignRules:812 - Dangling pin <DOB11> on
   block:<road_fighter/bg/river/your_instance_name/U0/xst_blk_mem_generator/gnat
   ivebmg.native_blk_mem_gen/valid.cstr/ramloop[0].ram.r/s3_init.ram/spram.ram.B
   >:<RAMB16_RAMB16B>.
WARNING:PhysDesignRules:812 - Dangling pin <DOB12> on
   block:<road_fighter/bg/river/your_instance_name/U0/xst_blk_mem_generator/gnat
   ivebmg.native_blk_mem_gen/valid.cstr/ramloop[0].ram.r/s3_init.ram/spram.ram.B
   >:<RAMB16_RAMB16B>.
WARNING:PhysDesignRules:812 - Dangling pin <DOB13> on
   block:<road_fighter/bg/river/your_instance_name/U0/xst_blk_mem_generator/gnat
   ivebmg.native_blk_mem_gen/valid.cstr/ramloop[0].ram.r/s3_init.ram/spram.ram.B
   >:<RAMB16_RAMB16B>.
WARNING:PhysDesignRules:812 - Dangling pin <DOB14> on
   block:<road_fighter/bg/river/your_instance_name/U0/xst_blk_mem_generator/gnat
   ivebmg.native_blk_mem_gen/valid.cstr/ramloop[0].ram.r/s3_init.ram/spram.ram.B
   >:<RAMB16_RAMB16B>.
WARNING:PhysDesignRules:812 - Dangling pin <DOB15> on
   block:<road_fighter/bg/river/your_instance_name/U0/xst_blk_mem_generator/gnat
   ivebmg.native_blk_mem_gen/valid.cstr/ramloop[0].ram.r/s3_init.ram/spram.ram.B
   >:<RAMB16_RAMB16B>.
WARNING:PhysDesignRules:812 - Dangling pin <DOB17> on
   block:<road_fighter/bg/river/your_instance_name/U0/xst_blk_mem_generator/gnat
   ivebmg.native_blk_mem_gen/valid.cstr/ramloop[0].ram.r/s3_init.ram/spram.ram.B
   >:<RAMB16_RAMB16B>.
WARNING:PhysDesignRules:812 - Dangling pin <DOB18> on
   block:<road_fighter/bg/river/your_instance_name/U0/xst_blk_mem_generator/gnat
   ivebmg.native_blk_mem_gen/valid.cstr/ramloop[0].ram.r/s3_init.ram/spram.ram.B
   >:<RAMB16_RAMB16B>.
WARNING:PhysDesignRules:812 - Dangling pin <DOB19> on
   block:<road_fighter/bg/river/your_instance_name/U0/xst_blk_mem_generator/gnat
   ivebmg.native_blk_mem_gen/valid.cstr/ramloop[0].ram.r/s3_init.ram/spram.ram.B
   >:<RAMB16_RAMB16B>.
WARNING:PhysDesignRules:812 - Dangling pin <DOB20> on
   block:<road_fighter/bg/river/your_instance_name/U0/xst_blk_mem_generator/gnat
   ivebmg.native_blk_mem_gen/valid.cstr/ramloop[0].ram.r/s3_init.ram/spram.ram.B
   >:<RAMB16_RAMB16B>.
WARNING:PhysDesignRules:812 - Dangling pin <DOB21> on
   block:<road_fighter/bg/river/your_instance_name/U0/xst_blk_mem_generator/gnat
   ivebmg.native_blk_mem_gen/valid.cstr/ramloop[0].ram.r/s3_init.ram/spram.ram.B
   >:<RAMB16_RAMB16B>.
WARNING:PhysDesignRules:812 - Dangling pin <DOB22> on
   block:<road_fighter/bg/river/your_instance_name/U0/xst_blk_mem_generator/gnat
   ivebmg.native_blk_mem_gen/valid.cstr/ramloop[0].ram.r/s3_init.ram/spram.ram.B
   >:<RAMB16_RAMB16B>.
WARNING:PhysDesignRules:812 - Dangling pin <DOB23> on
   block:<road_fighter/bg/river/your_instance_name/U0/xst_blk_mem_generator/gnat
   ivebmg.native_blk_mem_gen/valid.cstr/ramloop[0].ram.r/s3_init.ram/spram.ram.B
   >:<RAMB16_RAMB16B>.
WARNING:PhysDesignRules:812 - Dangling pin <DOB24> on
   block:<road_fighter/bg/river/your_instance_name/U0/xst_blk_mem_generator/gnat
   ivebmg.native_blk_mem_gen/valid.cstr/ramloop[0].ram.r/s3_init.ram/spram.ram.B
   >:<RAMB16_RAMB16B>.
WARNING:PhysDesignRules:812 - Dangling pin <DOB25> on
   block:<road_fighter/bg/river/your_instance_name/U0/xst_blk_mem_generator/gnat
   ivebmg.native_blk_mem_gen/valid.cstr/ramloop[0].ram.r/s3_init.ram/spram.ram.B
   >:<RAMB16_RAMB16B>.
WARNING:PhysDesignRules:812 - Dangling pin <DOB26> on
   block:<road_fighter/bg/river/your_instance_name/U0/xst_blk_mem_generator/gnat
   ivebmg.native_blk_mem_gen/valid.cstr/ramloop[0].ram.r/s3_init.ram/spram.ram.B
   >:<RAMB16_RAMB16B>.
WARNING:PhysDesignRules:812 - Dangling pin <DOB27> on
   block:<road_fighter/bg/river/your_instance_name/U0/xst_blk_mem_generator/gnat
   ivebmg.native_blk_mem_gen/valid.cstr/ramloop[0].ram.r/s3_init.ram/spram.ram.B
   >:<RAMB16_RAMB16B>.
WARNING:PhysDesignRules:812 - Dangling pin <DOB28> on
   block:<road_fighter/bg/river/your_instance_name/U0/xst_blk_mem_generator/gnat
   ivebmg.native_blk_mem_gen/valid.cstr/ramloop[0].ram.r/s3_init.ram/spram.ram.B
   >:<RAMB16_RAMB16B>.
WARNING:PhysDesignRules:812 - Dangling pin <DOB29> on
   block:<road_fighter/bg/river/your_instance_name/U0/xst_blk_mem_generator/gnat
   ivebmg.native_blk_mem_gen/valid.cstr/ramloop[0].ram.r/s3_init.ram/spram.ram.B
   >:<RAMB16_RAMB16B>.
WARNING:PhysDesignRules:812 - Dangling pin <DOB30> on
   block:<road_fighter/bg/river/your_instance_name/U0/xst_blk_mem_generator/gnat
   ivebmg.native_blk_mem_gen/valid.cstr/ramloop[0].ram.r/s3_init.ram/spram.ram.B
   >:<RAMB16_RAMB16B>.
WARNING:PhysDesignRules:812 - Dangling pin <DOB31> on
   block:<road_fighter/bg/river/your_instance_name/U0/xst_blk_mem_generator/gnat
   ivebmg.native_blk_mem_gen/valid.cstr/ramloop[0].ram.r/s3_init.ram/spram.ram.B
   >:<RAMB16_RAMB16B>.

Section 3 - Informational
-------------------------
INFO:MapLib:562 - No environment variables are currently set.

Section 4 - Removed Logic Summary
---------------------------------
  24 block(s) optimized away

Section 5 - Removed Logic
-------------------------

Optimized Block(s):
TYPE 		BLOCK
GND 		XST_GND
VCC 		XST_VCC
GND 		road_fighter/bg/river/your_instance_name/XST_GND
VCC 		road_fighter/bg/river/your_instance_name/XST_VCC
GND 		road_fighter/music_jukebox/musicbox_bass/XST_GND
VCC 		road_fighter/music_jukebox/musicbox_bass/XST_VCC
GND 		road_fighter/music_jukebox/musicbox_melody/XST_GND
VCC 		road_fighter/music_jukebox/musicbox_melody/XST_VCC
GND 		road_fighter/obs_0_gcont/autito/XST_GND
VCC 		road_fighter/obs_0_gcont/autito/XST_VCC
GND 		road_fighter/obs_1_gcont/autito/XST_GND
VCC 		road_fighter/obs_1_gcont/autito/XST_VCC
GND 		road_fighter/obs_2_gcont/autito/XST_GND
VCC 		road_fighter/obs_2_gcont/autito/XST_VCC
GND 		road_fighter/obs_3_gcont/autito/XST_GND
VCC 		road_fighter/obs_3_gcont/autito/XST_VCC
GND 		road_fighter/obs_4_gcont/autito/XST_GND
VCC 		road_fighter/obs_4_gcont/autito/XST_VCC
GND 		road_fighter/obs_5_gcont/autito/XST_GND
VCC 		road_fighter/obs_5_gcont/autito/XST_VCC
GND 		road_fighter/p1_gcontroller/autito/XST_GND
VCC 		road_fighter/p1_gcontroller/autito/XST_VCC
GND 		road_fighter/scoreboard_message/score_memory/XST_GND
VCC 		road_fighter/scoreboard_message/score_memory/XST_VCC

To enable printing of redundant blocks removed and signals merged, set the
detailed map report option and rerun map.

Section 6 - IOB Properties
--------------------------

+---------------------------------------------------------------------------------------------------------------------------------------------------------+
| IOB Name                           | Type             | Direction | IO Standard          | Diff  | Drive    | Slew | Reg (s)      | Resistor | IOB      |
|                                    |                  |           |                      | Term  | Strength | Rate |              |          | Delay    |
+---------------------------------------------------------------------------------------------------------------------------------------------------------+
| clk                                | IBUF             | INPUT     | LVCMOS33             |       |          |      |              |          | 0 / 0    |
| colision                           | IOB              | OUTPUT    | LVCMOS33             |       | 8        | FAST |              |          | 0 / 0    |
| hsync                              | IOB              | OUTPUT    | LVTTL                |       | 8        | FAST |              |          | 0 / 0    |
| left                               | IBUF             | INPUT     | LVTTL                |       |          |      |              | PULLDOWN | 0 / 0    |
| reset2                             | IBUF             | INPUT     | LVTTL                |       |          |      |              | PULLUP   | 0 / 0    |
| rgb<0>                             | IOB              | OUTPUT    | LVTTL                |       | 8        | FAST |              |          | 0 / 0    |
| rgb<1>                             | IOB              | OUTPUT    | LVTTL                |       | 8        | FAST |              |          | 0 / 0    |
| rgb<2>                             | IOB              | OUTPUT    | LVTTL                |       | 8        | FAST |              |          | 0 / 0    |
| right                              | IBUF             | INPUT     | LVTTL                |       |          |      |              | PULLDOWN | 0 / 0    |
| speaker_bass                       | IOB              | OUTPUT    | LVTTL                |       | 12       | SLOW |              |          | 0 / 0    |
| speaker_melody                     | IOB              | OUTPUT    | LVTTL                |       | 12       | SLOW |              |          | 0 / 0    |
| start                              | IBUF             | INPUT     | LVTTL                |       |          |      |              | PULLUP   | 0 / 0    |
| total_score<0>                     | IOB              | OUTPUT    | LVCMOS33             |       | 8        | FAST |              |          | 0 / 0    |
| total_score<1>                     | IOB              | OUTPUT    | LVCMOS33             |       | 8        | FAST |              |          | 0 / 0    |
| total_score<2>                     | IOB              | OUTPUT    | LVCMOS33             |       | 8        | FAST |              |          | 0 / 0    |
| total_score<3>                     | IOB              | OUTPUT    | LVCMOS33             |       | 8        | FAST |              |          | 0 / 0    |
| total_score<4>                     | IOB              | OUTPUT    | LVCMOS33             |       | 8        | FAST |              |          | 0 / 0    |
| total_score<5>                     | IOB              | OUTPUT    | LVCMOS33             |       | 8        | FAST |              |          | 0 / 0    |
| vsync                              | IOB              | OUTPUT    | LVTTL                |       | 8        | FAST |              |          | 0 / 0    |
+---------------------------------------------------------------------------------------------------------------------------------------------------------+

Section 7 - RPMs
----------------

Section 8 - Guide Report
------------------------
Guide not run on this design.

Section 9 - Area Group and Partition Summary
--------------------------------------------

Partition Implementation Status
-------------------------------

  No Partitions were found in this design.

-------------------------------

Area Group Information
----------------------

  No area groups were found in this design.

----------------------

Section 10 - Timing Report
--------------------------
This design was not run using timing mode.

Section 11 - Configuration String Details
-----------------------------------------
Use the "-detail" map option to print out Configuration Strings

Section 12 - Control Set Information
------------------------------------
No control set information for this architecture.

Section 13 - Utilization by Hierarchy
-------------------------------------
Use the "-detail" map option to print out the Utilization by Hierarchy section.
