INFO:sim:172 - Generating IP...
Resolving generics for 'music_memory'...
Applying external generics to 'music_memory'...
Delivering associated files for 'music_memory'...
WARNING:sim - Component blk_mem_gen_v7_2 does not have a valid model name for
   Verilog synthesis
Delivering EJava files for 'music_memory'...
Generating implementation netlist for 'music_memory'...
INFO:sim - Pre-processing HDL files for 'music_memory'...
Running synthesis for 'music_memory'
Running ngcbuild...
Writing VEO instantiation template for 'music_memory'...
Writing Verilog instantiation wrapper for 'music_memory'...
Writing Verilog behavioral simulation model for 'music_memory'...
WARNING:sim - No files were found for the view xilinx_documentation
Generating ASY schematic symbol...
INFO:sim:949 - Finished generation of ASY schematic symbol.
Generating SYM schematic symbol for 'music_memory'...
Generating metadata file...
Regenerating ISE project file for 'music_memory'...
Generating ISE project...
XCO file found: music_memory.xco
XMDF file found: music_memory_xmdf.tcl
Adding
D:/Proyectos/FPGA/sdc-2012-fpga-roadfighter/speaker/ipcore_dir/tmp/_cg/music_mem
ory.asy -view all -origin_type imported
Adding
D:/Proyectos/FPGA/sdc-2012-fpga-roadfighter/speaker/ipcore_dir/tmp/_cg/music_mem
ory.ngc -view all -origin_type created
Checking file
"D:/Proyectos/FPGA/sdc-2012-fpga-roadfighter/speaker/ipcore_dir/tmp/_cg/music_me
mory.ngc" for project device match ...
File
"D:/Proyectos/FPGA/sdc-2012-fpga-roadfighter/speaker/ipcore_dir/tmp/_cg/music_me
mory.ngc" device information matches project device.
Adding
D:/Proyectos/FPGA/sdc-2012-fpga-roadfighter/speaker/ipcore_dir/tmp/_cg/music_mem
ory.sym -view all -origin_type imported
Adding
D:/Proyectos/FPGA/sdc-2012-fpga-roadfighter/speaker/ipcore_dir/tmp/_cg/music_mem
ory.v -view all -origin_type created
INFO:HDLCompiler:1845 - Analyzing Verilog file
   "D:/Proyectos/FPGA/sdc-2012-fpga-roadfighter/speaker/ipcore_dir/tmp/_cg/music
   _memory.v" into library work
INFO:ProjectMgmt - Parsing design hierarchy completed successfully.
Adding
D:/Proyectos/FPGA/sdc-2012-fpga-roadfighter/speaker/ipcore_dir/tmp/_cg/music_mem
ory.veo -view all -origin_type imported
Adding
D:/Proyectos/FPGA/sdc-2012-fpga-roadfighter/speaker/ipcore_dir/tmp/_cg/music_mem
ory_synth.v -view all -origin_type created
INFO:HDLCompiler:1845 - Analyzing Verilog file
   "D:/Proyectos/FPGA/sdc-2012-fpga-roadfighter/speaker/ipcore_dir/tmp/_cg/music
   _memory_synth.v" into library work
INFO:ProjectMgmt - Parsing design hierarchy completed successfully.
INFO:TclTasksC:2116 - The automatic calculation of top has been turned-off.
   Please set the new top explicitly by running the "project set top" command.
   To re-calculate the new top automatically, set the "Auto Implementation Top"
   property to true.
Top level has been set to "/music_memory"
Generating README file...
Generating FLIST file...
INFO:sim:948 - Finished FLIST file generation.
Launching README viewer...
Moving files to output directory...
Finished moving files to output directory
Wrote CGP file for project 'music_memory'.
